<?xml version="1.0" encoding="UTF-8"?>
<testng-results skipped="0" failed="0" ignored="0" total="0" passed="0">
  <reporter-output>
  </reporter-output>
  <suite name="listeners.TestListeners" duration-ms="3" started-at="2020-04-23T07:45:29Z" finished-at="2020-04-23T07:45:29Z">
    <groups>
    </groups>
    <test name="Command line test" duration-ms="3" started-at="2020-04-23T07:45:29Z" finished-at="2020-04-23T07:45:29Z">
    </test> <!-- Command line test -->
  </suite> <!-- listeners.TestListeners -->
</testng-results>
